This file contains any messages produced by compilers while
running configure, to aid debugging if configure makes a mistake.

It was created by lzo configure 1.08, which was
generated by GNU Autoconf 2.53.  Invocation command line was

  $ ./configure --enable-shared

## --------- ##
## Platform. ##
## --------- ##

hostname = unleaded
uname -m = i586
uname -r = 2.2.21
uname -s = Linux
uname -v = #7 Sun Jul 28 02:21:25 CDT 2002

/usr/bin/uname -p = unknown
/bin/uname -X     = unknown

/bin/arch              = i586
/usr/bin/arch -k       = unknown
/usr/convex/getsysinfo = unknown
hostinfo               = unknown
/bin/machine           = unknown
/usr/bin/oslevel       = unknown
/bin/universe          = unknown

PATH: /usr/local/bin
PATH: /usr/bin
PATH: /bin
PATH: /usr/X11R6/bin
PATH: /usr/openwin/bin
PATH: /usr/games
PATH: /usr/local/jdk1.3.1_01/bin
PATH: /usr/local/mysql/bin
PATH: .


## ----------- ##
## Core tests. ##
## ----------- ##

configure:1418: checking build system type
configure:1436: result: i586-pc-linux-gnu
configure:1444: checking host system type
configure:1458: result: i586-pc-linux-gnu
configure:1466: checking target system type
configure:1480: result: i586-pc-linux-gnu
configure:1570: checking for gcc
configure:1586: found /usr/local/bin/gcc
configure:1596: result: gcc
configure:1840: checking for C compiler version
configure:1843: gcc --version </dev/null >&5
pgcc-2.95.2
configure:1846: $? = 0
configure:1848: gcc -v </dev/null >&5
Reading specs from /usr/local/lib/gcc-lib/i586-pc-linux-gnu/pgcc-2.95.2/specs
gcc version pgcc-2.95.2 19991024 (release)
configure:1851: $? = 0
configure:1853: gcc -V </dev/null >&5
gcc: argument to `-V' is missing
configure:1856: $? = 1
configure:1882: checking for C compiler default output
configure:1885: gcc    conftest.c  >&5
configure:1888: $? = 0
configure:1921: result: a.out
configure:1926: checking whether the C compiler works
configure:1932: ./a.out
configure:1935: $? = 0
configure:1950: result: yes
configure:1957: checking whether we are cross compiling
configure:1959: result: no
configure:1962: checking for suffix of executables
configure:1964: gcc -o conftest    conftest.c  >&5
configure:1967: $? = 0
configure:1989: result: 
configure:1995: checking for suffix of object files
configure:2019: gcc -c   conftest.c >&5
configure:2022: $? = 0
configure:2041: result: o
configure:2045: checking whether we are using the GNU C compiler
configure:2072: gcc -c   conftest.c >&5
configure:2075: $? = 0
configure:2078: test -s conftest.o
configure:2081: $? = 0
configure:2093: result: yes
configure:2099: checking whether gcc accepts -g
configure:2123: gcc -c -g  conftest.c >&5
configure:2126: $? = 0
configure:2129: test -s conftest.o
configure:2132: $? = 0
configure:2142: result: yes
configure:2169: gcc -c   conftest.c >&5
conftest.c:2: parse error before `me'
configure:2172: $? = 1
configure: failed program was:
#ifndef __cplusplus
  choke me
#endif
configure:2296: checking for gcc option to accept ANSI C
configure:2394: gcc  -c   conftest.c >&5
configure:2397: $? = 0
configure:2400: test -s conftest.o
configure:2403: $? = 0
configure:2417: result: none needed
configure:2441: checking for a BSD-compatible install
configure:2495: result: /usr/bin/ginstall -c
configure:2506: checking whether build environment is sane
configure:2549: result: yes
configure:2582: checking for gawk
configure:2598: found /usr/bin/gawk
configure:2608: result: gawk
configure:2618: checking whether make sets ${MAKE}
configure:2638: result: yes
configure:2667: checking for style of include used by make
configure:2695: result: GNU
configure:2857: checking dependency style of gcc
configure:2919: result: gcc
configure:2931: checking whether to enable maintainer-specific portions of Makefiles
configure:2940: result: no
configure:2956: checking whether we are using GNU make
configure:2962: result: yes
configure:3033: checking if malloc debugging is wanted
configure:3054: result: no
configure:3098: checking how to run the C preprocessor
configure:3124: gcc -E  conftest.c
configure:3130: $? = 0
configure:3157: gcc -E  conftest.c
configure:3153: ac_nonexistent.h: No such file or directory
configure:3163: $? = 1
configure: failed program was:
#line 3152 "configure"
#include "confdefs.h"
#include <ac_nonexistent.h>
configure:3200: result: gcc -E
configure:3215: gcc -E  conftest.c
configure:3221: $? = 0
configure:3248: gcc -E  conftest.c
configure:3244: ac_nonexistent.h: No such file or directory
configure:3254: $? = 1
configure: failed program was:
#line 3243 "configure"
#include "confdefs.h"
#include <ac_nonexistent.h>
configure:3294: checking whether gcc and cc understand -c and -o together
configure:3327: gcc -c conftest.c -o conftest.o >&5
configure:3330: $? = 0
configure:3332: gcc -c conftest.c -o conftest.o >&5
configure:3335: $? = 0
configure:3342: cc -c conftest.c >&5
configure:3345: $? = 0
configure:3348: cc -c conftest.c -o conftest.o >&5
configure:3351: $? = 0
configure:3353: cc -c conftest.c -o conftest.o >&5
configure:3356: $? = 0
configure:3374: result: yes
configure:3386: checking how the compiler promotes integrals
configure:3412: gcc -c   conftest.c >&5
configure:3415: $? = 0
configure:3418: test -s conftest.o
configure:3421: $? = 0
configure:3431: result: ANSI C (value-preserving)
configure:3434: checking whether we are using checkergcc
configure:3447: gcc -E conftest.c
configure:3450: $? = 0
configure:3457: result: no
configure:3489: checking whether to build a debug version
configure:3491: result: no
configure:3504: checking whether to build a profiling version
configure:3506: result: no
configure:3518: checking whether to build a coverage version
configure:3520: result: no
configure:3576: checking for ld used by GCC
configure:3639: result: /usr/bin/ld
configure:3648: checking if the linker (/usr/bin/ld) is GNU ld
GNU ld version 2.9.1 (with BFD 2.9.1.0.25)
configure:3660: result: yes
configure:3665: checking for /usr/bin/ld option to reload object files
configure:3672: result: -r
configure:3677: checking for BSD-compatible nm
configure:3713: result: /usr/bin/nm -B
configure:3716: checking for a sed that does not truncate output
configure:3798: result: /usr/bin/sed
configure:3801: checking whether ln -s works
configure:3805: result: yes
configure:3812: checking how to recognise dependent libraries
configure:3993: result: pass_all
configure:4004: checking command to parse /usr/bin/nm -B output
configure:4085: gcc -c   conftest.c >&5
configure:4088: $? = 0
configure:4092: /usr/bin/nm -B conftest.o \| sed -n -e 's/^.*[ 	]\([ABCDGISTW][ABCDGISTW]*\)[ 	][ 	]*\(\)\([_A-Za-z][_A-Za-z0-9]*\)$/\1 \2\3 \3/p' \> conftest.nm
configure:4095: $? = 0
configure:4147: gcc -o conftest    conftest.c conftstm.o >&5
configure:4150: $? = 0
configure:4194: result: ok
configure:4199: checking for ANSI C header files
configure:4213: gcc -E  conftest.c
configure:4219: $? = 0
configure:4304: gcc -o conftest    conftest.c  >&5
configure:4307: $? = 0
configure:4309: ./conftest
configure:4312: $? = 0
configure:4326: result: yes
configure:4350: checking for sys/types.h
configure:4363: gcc -c   conftest.c >&5
configure:4366: $? = 0
configure:4369: test -s conftest.o
configure:4372: $? = 0
configure:4382: result: yes
configure:4350: checking for sys/stat.h
configure:4363: gcc -c   conftest.c >&5
configure:4366: $? = 0
configure:4369: test -s conftest.o
configure:4372: $? = 0
configure:4382: result: yes
configure:4350: checking for stdlib.h
configure:4363: gcc -c   conftest.c >&5
configure:4366: $? = 0
configure:4369: test -s conftest.o
configure:4372: $? = 0
configure:4382: result: yes
configure:4350: checking for string.h
configure:4363: gcc -c   conftest.c >&5
configure:4366: $? = 0
configure:4369: test -s conftest.o
configure:4372: $? = 0
configure:4382: result: yes
configure:4350: checking for memory.h
configure:4363: gcc -c   conftest.c >&5
configure:4366: $? = 0
configure:4369: test -s conftest.o
configure:4372: $? = 0
configure:4382: result: yes
configure:4350: checking for strings.h
configure:4363: gcc -c   conftest.c >&5
configure:4366: $? = 0
configure:4369: test -s conftest.o
configure:4372: $? = 0
configure:4382: result: yes
configure:4350: checking for inttypes.h
configure:4363: gcc -c   conftest.c >&5
configure:4366: $? = 0
configure:4369: test -s conftest.o
configure:4372: $? = 0
configure:4382: result: yes
configure:4350: checking for stdint.h
configure:4363: gcc -c   conftest.c >&5
configure:4366: $? = 0
configure:4369: test -s conftest.o
configure:4372: $? = 0
configure:4382: result: yes
configure:4350: checking for unistd.h
configure:4363: gcc -c   conftest.c >&5
configure:4366: $? = 0
configure:4369: test -s conftest.o
configure:4372: $? = 0
configure:4382: result: yes
configure:4408: checking dlfcn.h usability
configure:4417: gcc -c   conftest.c >&5
configure:4420: $? = 0
configure:4423: test -s conftest.o
configure:4426: $? = 0
configure:4435: result: yes
configure:4439: checking dlfcn.h presence
configure:4446: gcc -E  conftest.c
configure:4452: $? = 0
configure:4470: result: yes
configure:4488: checking for dlfcn.h
configure:4495: result: yes
configure:4693: checking for ranlib
configure:4709: found /usr/bin/ranlib
configure:4720: result: ranlib
configure:4773: checking for strip
configure:4789: found /usr/bin/strip
configure:4800: result: strip
configure:5011: checking for objdir
configure:5022: result: .libs
configure:5039: checking for gcc option to produce PIC
configure:5185: result: -fPIC
configure:5189: checking if gcc PIC flag -fPIC works
configure:5215: gcc -c  -fPIC -DPIC  conftest.c >&5
configure:5218: $? = 0
configure:5221: test -s conftest.o
configure:5224: $? = 0
configure:5261: result: yes
configure:5277: checking if gcc static flag -static works
configure:5304: gcc -o conftest    -static conftest.c  >&5
configure:5307: $? = 0
configure:5310: test -s conftest
configure:5313: $? = 0
configure:5328: result: yes
configure:5340: checking if gcc supports -c -o file.o
configure:5362: gcc -c  -o out/conftest2.o  conftest.c >&5
configure:5384: result: yes
configure:5389: checking if gcc supports -c -o file.lo
configure:5419: gcc -c  -c -o conftest.lo  conftest.c >&5
configure:5422: $? = 0
configure:5425: test -s conftest.lo
configure:5428: $? = 0
configure:5449: result: yes
configure:5480: checking if gcc supports -fno-rtti -fno-exceptions
configure:5505: gcc -c  -fno-rtti -fno-exceptions -c conftest.c  conftest.c >&5
configure:5508: $? = 0
configure:5511: test -s conftest.o
configure:5514: $? = 0
configure:5530: result: yes
configure:5541: checking whether the linker (/usr/bin/ld) supports shared libraries
configure:6233: result: yes
configure:6238: checking how to hardcode library paths into programs
configure:6262: result: immediate
configure:6267: checking whether stripping libraries is possible
configure:6272: result: yes
configure:6283: checking dynamic linker characteristics
configure:6685: result: GNU/Linux ld.so
configure:6690: checking if libtool supports shared libraries
configure:6692: result: yes
configure:6695: checking whether to build shared libraries
configure:6716: result: yes
configure:6719: checking whether to build static libraries
configure:6723: result: yes
configure:7385: checking whether -lc should be explicitly linked in
configure:7393: gcc -c   conftest.c >&5
configure:7396: $? = 0
configure:7410: gcc -shared conftest.o  -v -Wl,-soname -Wl,conftest -o conftest 2\>\&1 \| grep  -lc  \>/dev/null 2\>\&1
configure:7413: $? = 0
configure:7426: result: no
configure:8017: checking for nasm
configure:8046: result: no
configure:8137: checking for ANSI C header files
configure:8264: result: yes
configure:8274: checking whether time.h and sys/time.h may both be included
configure:8302: gcc -c   conftest.c >&5
configure:8305: $? = 0
configure:8308: test -s conftest.o
configure:8311: $? = 0
configure:8321: result: yes
configure:8351: checking assert.h usability
configure:8360: gcc -c   conftest.c >&5
configure:8363: $? = 0
configure:8366: test -s conftest.o
configure:8369: $? = 0
configure:8378: result: yes
configure:8382: checking assert.h presence
configure:8389: gcc -E  conftest.c
configure:8395: $? = 0
configure:8413: result: yes
configure:8431: checking for assert.h
configure:8438: result: yes
configure:8351: checking ctype.h usability
configure:8360: gcc -c   conftest.c >&5
configure:8363: $? = 0
configure:8366: test -s conftest.o
configure:8369: $? = 0
configure:8378: result: yes
configure:8382: checking ctype.h presence
configure:8389: gcc -E  conftest.c
configure:8395: $? = 0
configure:8413: result: yes
configure:8431: checking for ctype.h
configure:8438: result: yes
configure:8351: checking limits.h usability
configure:8360: gcc -c   conftest.c >&5
configure:8363: $? = 0
configure:8366: test -s conftest.o
configure:8369: $? = 0
configure:8378: result: yes
configure:8382: checking limits.h presence
configure:8389: gcc -E  conftest.c
configure:8395: $? = 0
configure:8413: result: yes
configure:8431: checking for limits.h
configure:8438: result: yes
configure:8351: checking signal.h usability
configure:8360: gcc -c   conftest.c >&5
configure:8363: $? = 0
configure:8366: test -s conftest.o
configure:8369: $? = 0
configure:8378: result: yes
configure:8382: checking signal.h presence
configure:8389: gcc -E  conftest.c
configure:8395: $? = 0
configure:8413: result: yes
configure:8431: checking for signal.h
configure:8438: result: yes
configure:8351: checking stddef.h usability
configure:8360: gcc -c   conftest.c >&5
configure:8363: $? = 0
configure:8366: test -s conftest.o
configure:8369: $? = 0
configure:8378: result: yes
configure:8382: checking stddef.h presence
configure:8389: gcc -E  conftest.c
configure:8395: $? = 0
configure:8413: result: yes
configure:8431: checking for stddef.h
configure:8438: result: yes
configure:8351: checking time.h usability
configure:8360: gcc -c   conftest.c >&5
configure:8363: $? = 0
configure:8366: test -s conftest.o
configure:8369: $? = 0
configure:8378: result: yes
configure:8382: checking time.h presence
configure:8389: gcc -E  conftest.c
configure:8395: $? = 0
configure:8413: result: yes
configure:8431: checking for time.h
configure:8438: result: yes
configure:8342: checking for unistd.h
configure:8347: result: yes
configure:8468: checking sys/param.h usability
configure:8477: gcc -c   conftest.c >&5
configure:8480: $? = 0
configure:8483: test -s conftest.o
configure:8486: $? = 0
configure:8495: result: yes
configure:8499: checking sys/param.h presence
configure:8506: gcc -E  conftest.c
configure:8512: $? = 0
configure:8530: result: yes
configure:8548: checking for sys/param.h
configure:8555: result: yes
configure:8468: checking sys/resource.h usability
configure:8477: gcc -c   conftest.c >&5
configure:8480: $? = 0
configure:8483: test -s conftest.o
configure:8486: $? = 0
configure:8495: result: yes
configure:8499: checking sys/resource.h presence
configure:8506: gcc -E  conftest.c
configure:8512: $? = 0
configure:8530: result: yes
configure:8548: checking for sys/resource.h
configure:8555: result: yes
configure:8468: checking sys/time.h usability
configure:8477: gcc -c   conftest.c >&5
configure:8480: $? = 0
configure:8483: test -s conftest.o
configure:8486: $? = 0
configure:8495: result: yes
configure:8499: checking sys/time.h presence
configure:8506: gcc -E  conftest.c
configure:8512: $? = 0
configure:8530: result: yes
configure:8548: checking for sys/time.h
configure:8555: result: yes
configure:8468: checking sys/times.h usability
configure:8477: gcc -c   conftest.c >&5
configure:8480: $? = 0
configure:8483: test -s conftest.o
configure:8486: $? = 0
configure:8495: result: yes
configure:8499: checking sys/times.h presence
configure:8506: gcc -E  conftest.c
configure:8512: $? = 0
configure:8530: result: yes
configure:8548: checking for sys/times.h
configure:8555: result: yes
configure:8584: checking endian.h usability
configure:8593: gcc -c   conftest.c >&5
configure:8596: $? = 0
configure:8599: test -s conftest.o
configure:8602: $? = 0
configure:8611: result: yes
configure:8615: checking endian.h presence
configure:8622: gcc -E  conftest.c
configure:8628: $? = 0
configure:8646: result: yes
configure:8664: checking for endian.h
configure:8671: result: yes
configure:8584: checking sys/endian.h usability
configure:8593: gcc -c   conftest.c >&5
configure:8621: sys/endian.h: No such file or directory
configure:8596: $? = 1
configure: failed program was:
#line 8586 "configure"
#include "confdefs.h"
#include <stdio.h>
#if HAVE_SYS_TYPES_H
# include <sys/types.h>
#endif
#if HAVE_SYS_STAT_H
# include <sys/stat.h>
#endif
#if STDC_HEADERS
# include <stdlib.h>
# include <stddef.h>
#else
# if HAVE_STDLIB_H
#  include <stdlib.h>
# endif
#endif
#if HAVE_STRING_H
# if !STDC_HEADERS && HAVE_MEMORY_H
#  include <memory.h>
# endif
# include <string.h>
#endif
#if HAVE_STRINGS_H
# include <strings.h>
#endif
#if HAVE_INTTYPES_H
# include <inttypes.h>
#else
# if HAVE_STDINT_H
#  include <stdint.h>
# endif
#endif
#if HAVE_UNISTD_H
# include <unistd.h>
#endif
#include <sys/endian.h>
configure:8611: result: no
configure:8615: checking sys/endian.h presence
configure:8622: gcc -E  conftest.c
configure:8618: sys/endian.h: No such file or directory
configure:8628: $? = 1
configure: failed program was:
#line 8617 "configure"
#include "confdefs.h"
#include <sys/endian.h>
configure:8646: result: no
configure:8664: checking for sys/endian.h
configure:8671: result: no
configure:8584: checking unchecked.h usability
configure:8593: gcc -c   conftest.c >&5
configure:8621: unchecked.h: No such file or directory
configure:8596: $? = 1
configure: failed program was:
#line 8586 "configure"
#include "confdefs.h"
#include <stdio.h>
#if HAVE_SYS_TYPES_H
# include <sys/types.h>
#endif
#if HAVE_SYS_STAT_H
# include <sys/stat.h>
#endif
#if STDC_HEADERS
# include <stdlib.h>
# include <stddef.h>
#else
# if HAVE_STDLIB_H
#  include <stdlib.h>
# endif
#endif
#if HAVE_STRING_H
# if !STDC_HEADERS && HAVE_MEMORY_H
#  include <memory.h>
# endif
# include <string.h>
#endif
#if HAVE_STRINGS_H
# include <strings.h>
#endif
#if HAVE_INTTYPES_H
# include <inttypes.h>
#else
# if HAVE_STDINT_H
#  include <stdint.h>
# endif
#endif
#if HAVE_UNISTD_H
# include <unistd.h>
#endif
#include <unchecked.h>
configure:8611: result: no
configure:8615: checking unchecked.h presence
configure:8622: gcc -E  conftest.c
configure:8618: unchecked.h: No such file or directory
configure:8628: $? = 1
configure: failed program was:
#line 8617 "configure"
#include "confdefs.h"
#include <unchecked.h>
configure:8646: result: no
configure:8664: checking for unchecked.h
configure:8671: result: no
configure:8698: checking zlib.h usability
configure:8707: gcc -c   conftest.c >&5
configure:8710: $? = 0
configure:8713: test -s conftest.o
configure:8716: $? = 0
configure:8725: result: yes
configure:8729: checking zlib.h presence
configure:8736: gcc -E  conftest.c
configure:8742: $? = 0
configure:8760: result: yes
configure:8778: checking for zlib.h
configure:8785: result: yes
configure:8804: checking whether limits.h is sane
configure:8916: gcc -c   conftest.c >&5
configure:8919: $? = 0
configure:8922: test -s conftest.o
configure:8925: $? = 0
configure:8935: result: yes
configure:8949: checking for ptrdiff_t
configure:8976: gcc -c   conftest.c >&5
configure:8979: $? = 0
configure:8982: test -s conftest.o
configure:8985: $? = 0
configure:8995: result: yes
configure:9007: checking for size_t
configure:9034: gcc -c   conftest.c >&5
configure:9037: $? = 0
configure:9040: test -s conftest.o
configure:9043: $? = 0
configure:9053: result: yes
configure:9066: checking for unsigned short
configure:9093: gcc -c   conftest.c >&5
configure:9096: $? = 0
configure:9099: test -s conftest.o
configure:9102: $? = 0
configure:9112: result: yes
configure:9115: checking size of unsigned short
configure:9393: gcc -o conftest    conftest.c  >&5
configure:9396: $? = 0
configure:9398: ./conftest
configure:9401: $? = 0
configure:9421: result: 2
configure:9428: checking for unsigned
configure:9455: gcc -c   conftest.c >&5
configure:9458: $? = 0
configure:9461: test -s conftest.o
configure:9464: $? = 0
configure:9474: result: yes
configure:9477: checking size of unsigned
configure:9755: gcc -o conftest    conftest.c  >&5
configure:9758: $? = 0
configure:9760: ./conftest
configure:9763: $? = 0
configure:9783: result: 4
configure:9790: checking for unsigned long
configure:9817: gcc -c   conftest.c >&5
configure:9820: $? = 0
configure:9823: test -s conftest.o
configure:9826: $? = 0
configure:9836: result: yes
configure:9839: checking size of unsigned long
configure:10117: gcc -o conftest    conftest.c  >&5
configure:10120: $? = 0
configure:10122: ./conftest
configure:10125: $? = 0
configure:10145: result: 4
configure:10152: checking for char *
configure:10179: gcc -c   conftest.c >&5
configure:10182: $? = 0
configure:10185: test -s conftest.o
configure:10188: $? = 0
configure:10198: result: yes
configure:10201: checking size of char *
configure:10479: gcc -o conftest    conftest.c  >&5
configure:10482: $? = 0
configure:10484: ./conftest
configure:10487: $? = 0
configure:10507: result: 4
configure:10514: checking for ptrdiff_t
configure:10560: result: yes
configure:10563: checking size of ptrdiff_t
configure:10841: gcc -o conftest    conftest.c  >&5
configure:10844: $? = 0
configure:10846: ./conftest
configure:10849: $? = 0
configure:10869: result: 4
configure:10876: checking for size_t
configure:10922: result: yes
configure:10925: checking size of size_t
configure:11203: gcc -o conftest    conftest.c  >&5
configure:11206: $? = 0
configure:11208: ./conftest
configure:11211: $? = 0
configure:11231: result: 4
configure:11244: checking for gcc option to accept ANSI C
configure:11307: gcc  -c   conftest.c >&5
configure:11310: $? = 0
configure:11313: test -s conftest.o
configure:11316: $? = 0
configure:11333: result: none needed
configure:11341: checking for an ANSI C-conforming const
configure:11411: gcc -c   conftest.c >&5
configure:11414: $? = 0
configure:11417: test -s conftest.o
configure:11420: $? = 0
configure:11430: result: yes
configure:11441: checking the byte order
configure:11471: gcc -o conftest    conftest.c  >&5
configure:11474: $? = 0
configure:11476: ./conftest
configure:11479: $? = 1
configure: program exited with status 1
configure: failed program was:
#line 11449 "configure"
#include "confdefs.h"

#ifdef F77_DUMMY_MAIN
#  ifdef __cplusplus
     extern "C"
#  endif
   int F77_DUMMY_MAIN() { return 1; }
#endif
int
main ()
{

  union { long l; char c[sizeof(long)]; } u;
  u.l = 1; exit(u.c[0] == 1);

  ;
  return 0;
}
configure:11492: result: 1234
configure:11520: checking for memcmp
configure:11563: gcc -o conftest    conftest.c  >&5
configure:11535: warning: conflicting types for built-in function `memcmp'
configure:11566: $? = 0
configure:11569: test -s conftest
configure:11572: $? = 0
configure:11582: result: yes
configure:11520: checking for memcpy
configure:11563: gcc -o conftest    conftest.c  >&5
configure:11535: warning: conflicting types for built-in function `memcpy'
configure:11566: $? = 0
configure:11569: test -s conftest
configure:11572: $? = 0
configure:11582: result: yes
configure:11520: checking for memmove
configure:11563: gcc -o conftest    conftest.c  >&5
configure:11566: $? = 0
configure:11569: test -s conftest
configure:11572: $? = 0
configure:11582: result: yes
configure:11520: checking for memset
configure:11563: gcc -o conftest    conftest.c  >&5
configure:11535: warning: conflicting types for built-in function `memset'
configure:11566: $? = 0
configure:11569: test -s conftest
configure:11572: $? = 0
configure:11582: result: yes
configure:11600: checking for memicmp
configure:11643: gcc -o conftest    conftest.c  >&5
/tmp/cc2BIZuf.o: In function `main':
/tmp/cc2BIZuf.o(.text+0x9): undefined reference to `memicmp'
collect2: ld returned 1 exit status
configure:11646: $? = 1
configure: failed program was:
#line 11605 "configure"
#include "confdefs.h"
/* System header to define __stub macros and hopefully few prototypes,
    which can conflict with char memicmp (); below.  */
#include <assert.h>
/* Override any gcc2 internal prototype to avoid an error.  */
#ifdef __cplusplus
extern "C"
#endif
/* We use char because int might match the return type of a gcc2
   builtin and then its argument prototype would still apply.  */
char memicmp ();
char (*f) ();

#ifdef F77_DUMMY_MAIN
#  ifdef __cplusplus
     extern "C"
#  endif
   int F77_DUMMY_MAIN() { return 1; }
#endif
int
main ()
{
/* The GNU C library defines this for functions which it implements
    to always fail with ENOSYS.  Some functions are actually named
    something starting with __ and the normal name is an alias.  */
#if defined (__stub_memicmp) || defined (__stub___memicmp)
choke me
#else
f = memicmp;
#endif

  ;
  return 0;
}
configure:11662: result: no
configure:11600: checking for strcasecmp
configure:11643: gcc -o conftest    conftest.c  >&5
configure:11646: $? = 0
configure:11649: test -s conftest
configure:11652: $? = 0
configure:11662: result: yes
configure:11600: checking for strncasecmp
configure:11643: gcc -o conftest    conftest.c  >&5
configure:11646: $? = 0
configure:11649: test -s conftest
configure:11652: $? = 0
configure:11662: result: yes
configure:11600: checking for stricmp
configure:11643: gcc -o conftest    conftest.c  >&5
/tmp/ccWoGtOj.o: In function `main':
/tmp/ccWoGtOj.o(.text+0x9): undefined reference to `stricmp'
collect2: ld returned 1 exit status
configure:11646: $? = 1
configure: failed program was:
#line 11605 "configure"
#include "confdefs.h"
/* System header to define __stub macros and hopefully few prototypes,
    which can conflict with char stricmp (); below.  */
#include <assert.h>
/* Override any gcc2 internal prototype to avoid an error.  */
#ifdef __cplusplus
extern "C"
#endif
/* We use char because int might match the return type of a gcc2
   builtin and then its argument prototype would still apply.  */
char stricmp ();
char (*f) ();

#ifdef F77_DUMMY_MAIN
#  ifdef __cplusplus
     extern "C"
#  endif
   int F77_DUMMY_MAIN() { return 1; }
#endif
int
main ()
{
/* The GNU C library defines this for functions which it implements
    to always fail with ENOSYS.  Some functions are actually named
    something starting with __ and the normal name is an alias.  */
#if defined (__stub_stricmp) || defined (__stub___stricmp)
choke me
#else
f = stricmp;
#endif

  ;
  return 0;
}
configure:11662: result: no
configure:11600: checking for strnicmp
configure:11643: gcc -o conftest    conftest.c  >&5
/tmp/ccR5jRhn.o: In function `main':
/tmp/ccR5jRhn.o(.text+0x9): undefined reference to `strnicmp'
collect2: ld returned 1 exit status
configure:11646: $? = 1
configure: failed program was:
#line 11605 "configure"
#include "confdefs.h"
/* System header to define __stub macros and hopefully few prototypes,
    which can conflict with char strnicmp (); below.  */
#include <assert.h>
/* Override any gcc2 internal prototype to avoid an error.  */
#ifdef __cplusplus
extern "C"
#endif
/* We use char because int might match the return type of a gcc2
   builtin and then its argument prototype would still apply.  */
char strnicmp ();
char (*f) ();

#ifdef F77_DUMMY_MAIN
#  ifdef __cplusplus
     extern "C"
#  endif
   int F77_DUMMY_MAIN() { return 1; }
#endif
int
main ()
{
/* The GNU C library defines this for functions which it implements
    to always fail with ENOSYS.  Some functions are actually named
    something starting with __ and the normal name is an alias.  */
#if defined (__stub_strnicmp) || defined (__stub___strnicmp)
choke me
#else
f = strnicmp;
#endif

  ;
  return 0;
}
configure:11662: result: no
configure:11682: checking for atol
configure:11725: gcc -o conftest    conftest.c  >&5
configure:11728: $? = 0
configure:11731: test -s conftest
configure:11734: $? = 0
configure:11744: result: yes
configure:11682: checking for fstat
configure:11725: gcc -o conftest    conftest.c  >&5
configure:11728: $? = 0
configure:11731: test -s conftest
configure:11734: $? = 0
configure:11744: result: yes
configure:11682: checking for getrusage
configure:11725: gcc -o conftest    conftest.c  >&5
configure:11728: $? = 0
configure:11731: test -s conftest
configure:11734: $? = 0
configure:11744: result: yes
configure:11682: checking for gettimeofday
configure:11725: gcc -o conftest    conftest.c  >&5
configure:11728: $? = 0
configure:11731: test -s conftest
configure:11734: $? = 0
configure:11744: result: yes
configure:11682: checking for lstat
configure:11725: gcc -o conftest    conftest.c  >&5
configure:11728: $? = 0
configure:11731: test -s conftest
configure:11734: $? = 0
configure:11744: result: yes
configure:11682: checking for stat
configure:11725: gcc -o conftest    conftest.c  >&5
configure:11728: $? = 0
configure:11731: test -s conftest
configure:11734: $? = 0
configure:11744: result: yes
configure:11682: checking for times
configure:11725: gcc -o conftest    conftest.c  >&5
configure:11728: $? = 0
configure:11731: test -s conftest
configure:11734: $? = 0
configure:11744: result: yes
configure:11754: checking for working memcmp
configure:11798: gcc -o conftest    conftest.c  >&5
configure:11801: $? = 0
configure:11803: ./conftest
configure:11806: $? = 0
configure:11819: result: yes
configure:11840: checking whether signed to unsigned casting is broken
configure:11871: gcc -c   conftest.c >&5
configure:11874: $? = 0
configure:11877: test -s conftest.o
configure:11880: $? = 0
configure:11890: result: no
configure:11896: checking whether gcc suffers the -fschedule-insns bug
configure:11931: gcc -o conftest -O2 -fschedule-insns -fschedule-insns2   conftest.c  >&5
configure:11934: $? = 0
configure:11936: ./conftest
configure:11939: $? = 0
configure:11952: result: no
configure:11960: checking whether gcc suffers the -fstrength-reduce bug
configure:11987: gcc -o conftest -O2 -fstrength-reduce   conftest.c  >&5
configure:11990: $? = 0
configure:11992: ./conftest
configure:11995: $? = 0
configure:12008: result: no
configure:12086: checking whether gcc accepts -fstrict-aliasing
configure:12100: result: yes
configure:12162: checking the alignment of the assembler
configure:12201: gcc -o conftest  -O2 -Wall -Wcast-align -Wcast-qual -Wwrite-strings -fno-strength-reduce -fstrict-aliasing   conftest.c  >&5
configure:12184: warning: return-type defaults to `int'
configure:12204: $? = 0
configure:12206: ./conftest
configure:12209: $? = 0
configure:12222: result: 4
configure:12241: checking whether global symbols need underscores
configure:12276: gcc -o conftest  -O2 -Wall -Wcast-align -Wcast-qual -Wwrite-strings -fno-strength-reduce -fstrict-aliasing   conftest.c  >&5
configure:12249: warning: `test' defined but not used
configure:12279: $? = 0
configure:12282: test -s conftest
configure:12285: $? = 0
configure:12292: result: no
configure:12308: checking whether the assembler understands .type
configure:12317: gcc -c  -x assembler-with-cpp   conftest.s 1>&5
configure:12320: $? = 0
configure:12326: result: yes
configure:12339: checking whether the assembler works
configure:12348: gcc -c  -x assembler-with-cpp  -I./src/i386/src conftest.s 1>&5
configure:12351: $? = 0
configure:12361: result: yes
configure:12366: checking whether to build assembler versions
configure:12368: result: yes
configure:12518: creating ./config.status

## ---------------------- ##
## Running config.status. ##
## ---------------------- ##

This file was extended by lzo config.status 1.08, which was
generated by GNU Autoconf 2.53.  Invocation command line was

  CONFIG_FILES    = 
  CONFIG_HEADERS  = 
  CONFIG_LINKS    = 
  CONFIG_COMMANDS = 
  $ ./config.status 

on unleaded

config.status:644: creating Makefile
config.status:644: creating examples/Makefile
config.status:644: creating include/Makefile
config.status:644: creating ltest/Makefile
config.status:644: creating minilzo/Makefile
config.status:644: creating src/Makefile
config.status:644: creating tests/Makefile
config.status:748: creating config.h
config.status:1058: executing depfiles commands

## ---------------- ##
## Cache variables. ##
## ---------------- ##

ac_cv_build=i586-pc-linux-gnu
ac_cv_build_alias=i586-pc-linux-gnu
ac_cv_c_compiler_gnu=yes
ac_cv_c_const=yes
ac_cv_env_CC_set=
ac_cv_env_CC_value=
ac_cv_env_CFLAGS_set=
ac_cv_env_CFLAGS_value=
ac_cv_env_CPPFLAGS_set=
ac_cv_env_CPPFLAGS_value=
ac_cv_env_CPP_set=
ac_cv_env_CPP_value=
ac_cv_env_LDFLAGS_set=
ac_cv_env_LDFLAGS_value=
ac_cv_env_build_alias_set=
ac_cv_env_build_alias_value=
ac_cv_env_host_alias_set=
ac_cv_env_host_alias_value=
ac_cv_env_target_alias_set=
ac_cv_env_target_alias_value=
ac_cv_exeext=
ac_cv_func_atol=yes
ac_cv_func_fstat=yes
ac_cv_func_getrusage=yes
ac_cv_func_gettimeofday=yes
ac_cv_func_lstat=yes
ac_cv_func_memcmp=yes
ac_cv_func_memcpy=yes
ac_cv_func_memicmp=no
ac_cv_func_memmove=yes
ac_cv_func_memset=yes
ac_cv_func_stat=yes
ac_cv_func_strcasecmp=yes
ac_cv_func_stricmp=no
ac_cv_func_strncasecmp=yes
ac_cv_func_strnicmp=no
ac_cv_func_times=yes
ac_cv_header_assert_h=yes
ac_cv_header_ctype_h=yes
ac_cv_header_dlfcn_h=yes
ac_cv_header_endian_h=yes
ac_cv_header_inttypes_h=yes
ac_cv_header_limits_h=yes
ac_cv_header_memory_h=yes
ac_cv_header_signal_h=yes
ac_cv_header_stdc=yes
ac_cv_header_stddef_h=yes
ac_cv_header_stdint_h=yes
ac_cv_header_stdlib_h=yes
ac_cv_header_string_h=yes
ac_cv_header_strings_h=yes
ac_cv_header_sys_endian_h=no
ac_cv_header_sys_param_h=yes
ac_cv_header_sys_resource_h=yes
ac_cv_header_sys_stat_h=yes
ac_cv_header_sys_time_h=yes
ac_cv_header_sys_times_h=yes
ac_cv_header_sys_types_h=yes
ac_cv_header_time=yes
ac_cv_header_time_h=yes
ac_cv_header_unchecked_h=no
ac_cv_header_unistd_h=yes
ac_cv_header_zlib_h=yes
ac_cv_host=i586-pc-linux-gnu
ac_cv_host_alias=i586-pc-linux-gnu
ac_cv_objext=o
ac_cv_path_install='/usr/bin/ginstall -c'
ac_cv_prog_AWK=gawk
ac_cv_prog_CPP='gcc -E'
ac_cv_prog_ac_ct_CC=gcc
ac_cv_prog_ac_ct_RANLIB=ranlib
ac_cv_prog_ac_ct_STRIP=strip
ac_cv_prog_cc_g=yes
ac_cv_prog_cc_gcc_c_o=yes
ac_cv_prog_cc_stdc=
ac_cv_prog_make_make_set=yes
ac_cv_sizeof_char_p=4
ac_cv_sizeof_ptrdiff_t=4
ac_cv_sizeof_size_t=4
ac_cv_sizeof_unsigned=4
ac_cv_sizeof_unsigned_long=4
ac_cv_sizeof_unsigned_short=2
ac_cv_target=i586-pc-linux-gnu
ac_cv_target_alias=i586-pc-linux-gnu
ac_cv_type_char_p=yes
ac_cv_type_ptrdiff_t=yes
ac_cv_type_size_t=yes
ac_cv_type_unsigned=yes
ac_cv_type_unsigned_long=yes
ac_cv_type_unsigned_short=yes
am_cv_CC_dependencies_compiler_type=gcc
lt_cv_archive_cmds_need_lc=no
lt_cv_compiler_c_o=yes
lt_cv_compiler_o_lo=yes
lt_cv_deplibs_check_method=pass_all
lt_cv_file_magic_cmd='$MAGIC_CMD'
lt_cv_file_magic_test_file='/lib/libc.so.6 /lib/libc-2.1.2.so /lib/libc-2.1.3.so'
lt_cv_global_symbol_to_c_name_address='sed -n -e '\''s/^: \([^ ]*\) $/  {\"\1\", (lt_ptr) 0},/p'\'' -e '\''s/^[BCDEGRST] \([^ ]*\) \([^ ]*\)$/  {"\2", (lt_ptr) \&\2},/p'\'''
lt_cv_global_symbol_to_cdecl='sed -n -e '\''s/^. .* \(.*\)$/extern char \1;/p'\'''
lt_cv_ld_reload_flag=-r
lt_cv_path_LD=/usr/bin/ld
lt_cv_path_NM='/usr/bin/nm -B'
lt_cv_path_SED=/usr/bin/sed
lt_cv_prog_cc_can_build_shared=yes
lt_cv_prog_cc_no_builtin=
lt_cv_prog_cc_pic=' -fPIC'
lt_cv_prog_cc_pic_works=yes
lt_cv_prog_cc_shlib=
lt_cv_prog_cc_static=-static
lt_cv_prog_cc_static_works=yes
lt_cv_prog_cc_wl=-Wl,
lt_cv_prog_gnu_ld=yes
lt_cv_sys_global_symbol_pipe='sed -n -e '\''s/^.*[ 	]\([ABCDGISTW][ABCDGISTW]*\)[ 	][ 	]*\(\)\([_A-Za-z][_A-Za-z0-9]*\)$/\1 \2\3 \3/p'\'''
lt_cv_sys_path_separator=:
mfx_cv_asm_align=4
mfx_cv_c_byte_order=1234
mfx_cv_func_memcmp=yes
mfx_cv_header_sane_limits_h=yes
mfx_cv_prog_cc_ansi=
mfx_cv_prog_cc_bug_signed_to_unsigned_casting=no
mfx_cv_prog_cc_integral_promotion='ANSI C (value-preserving)'
mfx_cv_prog_checkergcc=no
mfx_cv_prog_gcc_bug_schedule_insns=no
mfx_cv_prog_gcc_bug_strength_reduce=no
mfx_cv_prog_gcc_f_strict_aliasing=yes

## ----------- ##
## confdefs.h. ##
## ----------- ##

#define PACKAGE_NAME "lzo"
#define PACKAGE_TARNAME "lzo"
#define PACKAGE_VERSION "1.08"
#define PACKAGE_STRING "lzo 1.08"
#define PACKAGE_BUGREPORT ""
#define PACKAGE "lzo"
#define VERSION "1.08"
#define STDC_HEADERS 1
#define HAVE_SYS_TYPES_H 1
#define HAVE_SYS_STAT_H 1
#define HAVE_STDLIB_H 1
#define HAVE_STRING_H 1
#define HAVE_MEMORY_H 1
#define HAVE_STRINGS_H 1
#define HAVE_INTTYPES_H 1
#define HAVE_STDINT_H 1
#define HAVE_UNISTD_H 1
#define HAVE_DLFCN_H 1
#define STDC_HEADERS 1
#define TIME_WITH_SYS_TIME 1
#define HAVE_ASSERT_H 1
#define HAVE_CTYPE_H 1
#define HAVE_LIMITS_H 1
#define HAVE_SIGNAL_H 1
#define HAVE_STDDEF_H 1
#define HAVE_TIME_H 1
#define HAVE_UNISTD_H 1
#define HAVE_SYS_PARAM_H 1
#define HAVE_SYS_RESOURCE_H 1
#define HAVE_SYS_TIME_H 1
#define HAVE_SYS_TIMES_H 1
#define HAVE_ENDIAN_H 1
#define HAVE_ZLIB_H 1
#define SIZEOF_UNSIGNED_SHORT 2
#define SIZEOF_UNSIGNED 4
#define SIZEOF_UNSIGNED_LONG 4
#define SIZEOF_CHAR_P 4
#define SIZEOF_PTRDIFF_T 4
#define SIZEOF_SIZE_T 4
#define MFX_BYTE_ORDER 1234
#define HAVE_MEMCMP 1
#define HAVE_MEMCPY 1
#define HAVE_MEMMOVE 1
#define HAVE_MEMSET 1
#define HAVE_STRCASECMP 1
#define HAVE_STRNCASECMP 1
#define HAVE_ATOL 1
#define HAVE_FSTAT 1
#define HAVE_GETRUSAGE 1
#define HAVE_GETTIMEOFDAY 1
#define HAVE_LSTAT 1
#define HAVE_STAT 1
#define HAVE_TIMES 1
#define MFX_ARCH "i386"
#define MFX_CPU "i586"
#define LZO_UNALIGNED_OK_2 1
#define LZO_UNALIGNED_OK_4 1
#define MFX_ASM_ALIGN_BYTES 1
#define MFX_ASM_NAME_NO_UNDERSCORES 1
#define MFX_ASM_HAVE_TYPE 1

configure: exit 0
